0 info it worked if it ends with ok
1 verbose cli [ 'C:\\Program Files (x86)\\nodejs\\node.exe',
1 verbose cli   'C:\\Program Files (x86)\\nodejs\\node_modules\\npm\\bin\\npm-cli.js',
1 verbose cli   'start' ]
2 info using npm@3.10.3
3 info using node@v4.2.3
4 verbose run-script [ 'prestart', 'start', 'poststart' ]
5 info lifecycle tenkapart@1.0.0~prestart: tenkapart@1.0.0
6 silly lifecycle tenkapart@1.0.0~prestart: no script for prestart, continuing
7 info lifecycle tenkapart@1.0.0~start: tenkapart@1.0.0
8 verbose lifecycle tenkapart@1.0.0~start: unsafe-perm in lifecycle true
9 verbose lifecycle tenkapart@1.0.0~start: PATH: C:\Program Files (x86)\nodejs\node_modules\npm\bin\node-gyp-bin;C:\Users\Robert\Desktop\code\tenkapart\node_modules\.bin;C:\Program Files (x86)\nodejs;C:\Users\Robert\Downloads\cmder\vendor\conemu-maximus5\ConEmu\Scripts;C:\Users\Robert\Downloads\cmder\vendor\conemu-maximus5;C:\Users\Robert\Downloads\cmder\vendor\conemu-maximus5\ConEmu;C:\Program Files\Docker\Docker\Resources\bin;C:\ProgramData\Oracle\Java\javapath;C:\Program Files (x86)\NVIDIA Corporation\PhysX\Common;C:\WINDOWS\system32;C:\WINDOWS;C:\WINDOWS\System32\Wbem;C:\WINDOWS\System32\WindowsPowerShell\v1.0\;C:\Program Files\Microsoft SQL Server\110\Tools\Binn\;C:\Program Files\Calibre2\;C:\pathext\phantomjs-1.9.7-windows;C:\pathext\n1k0-casperjs-e3a77d0\bin;C:\Python34;C:\Program Files (x86)\Heroku\bin;C:\Program Files (x86)\git\cmd;C:\Program Files\Java\jdk1.8.0_25\bin;C:\Program Files\Microsoft SQL Server\120\Tools\Binn\;C:\Program Files\Microsoft\Web Platform Installer\;C:\Program Files (x86)\CloudFoundry;C:\Program Files (x86)\Microsoft SDKs\Azure\CLI\wbin;C:\Program Files (x86)\nodejs\;C:\Go\bin;C:\Program Files\Git\cmd;C:\Program Files\Microsoft SQL Server\130\Tools\Binn\;C:\Program Files (x86)\Windows Kits\10\Windows Performance Toolkit\;C:\Program Files (x86)\Microsoft Emulator Manager\1.0\;C:\Program Files\dotnet\;C:\Program Files (x86)\Git\cmd;C:\Program Files\IBM\Bluemix\bin;C:\Program Files\CloudFoundry;C:\Program Files\MongoDB\Server\3.2\bin;C:\Users\Robert\.dnx\bin;C:\Users\Robert\AppData\Local\atom\bin;c:\Users\Robert\AppData\Local\atom\bin;C:\Program Files (x86)\Microsoft VS Code\bin;C:\Users\Robert\AppData\Roaming\npm;C:\Users\Robert\AppData\Local\.meteor\;%USERPROFILE%\AppData\Local\Microsoft\WindowsApps;C:\Program Files (x86)\AVG\Av
10 verbose lifecycle tenkapart@1.0.0~start: CWD: C:\Users\Robert\Desktop\code\tenkapart
11 silly lifecycle tenkapart@1.0.0~start: Args: [ '/d /s /c', 'node server.js' ]
12 silly lifecycle tenkapart@1.0.0~start: Returned: code: 1  signal: null
13 info lifecycle tenkapart@1.0.0~start: Failed to exec start script
14 verbose stack Error: tenkapart@1.0.0 start: `node server.js`
14 verbose stack Exit status 1
14 verbose stack     at EventEmitter.<anonymous> (C:\Program Files (x86)\nodejs\node_modules\npm\lib\utils\lifecycle.js:242:16)
14 verbose stack     at emitTwo (events.js:87:13)
14 verbose stack     at EventEmitter.emit (events.js:172:7)
14 verbose stack     at ChildProcess.<anonymous> (C:\Program Files (x86)\nodejs\node_modules\npm\lib\utils\spawn.js:40:14)
14 verbose stack     at emitTwo (events.js:87:13)
14 verbose stack     at ChildProcess.emit (events.js:172:7)
14 verbose stack     at maybeClose (internal/child_process.js:818:16)
14 verbose stack     at Process.ChildProcess._handle.onexit (internal/child_process.js:211:5)
15 verbose pkgid tenkapart@1.0.0
16 verbose cwd C:\Users\Robert\Desktop\code\tenkapart
17 error Windows_NT 10.0.14393
18 error argv "C:\\Program Files (x86)\\nodejs\\node.exe" "C:\\Program Files (x86)\\nodejs\\node_modules\\npm\\bin\\npm-cli.js" "start"
19 error node v4.2.3
20 error npm  v3.10.3
21 error code ELIFECYCLE
22 error tenkapart@1.0.0 start: `node server.js`
22 error Exit status 1
23 error Failed at the tenkapart@1.0.0 start script 'node server.js'.
23 error Make sure you have the latest version of node.js and npm installed.
23 error If you do, this is most likely a problem with the tenkapart package,
23 error not with npm itself.
23 error Tell the author that this fails on your system:
23 error     node server.js
23 error You can get information on how to open an issue for this project with:
23 error     npm bugs tenkapart
23 error Or if that isn't available, you can get their info via:
23 error     npm owner ls tenkapart
23 error There is likely additional logging output above.
24 verbose exit [ 1, true ]
